<?xml version="1.0" encoding="UTF-8"?>
<!-- Generated by org.testng.reporters.JUnitReportReporter -->
<testsuite name="com.sharma.test.BrowserNotification_Alerts" tests="1" time="13.059" ignored="0" failures="0" timestamp="06 Jul 2017 21:14:32 GMT" skipped="0" hostname="DESKTOP-LNUQ5F6" errors="0">
  <testcase name="browserAlert" time="13.059" classname="com.sharma.test.BrowserNotification_Alerts"/>
</testsuite> <!-- com.sharma.test.BrowserNotification_Alerts -->
