<?xml version="1.0" encoding="UTF-8"?>
<!-- Generated by org.testng.reporters.JUnitReportReporter -->
<testsuite name="com.sharma.test.PopUps" tests="1" time="21.722" ignored="0" failures="0" timestamp="06 Jul 2017 05:38:01 GMT" skipped="0" hostname="DESKTOP-LNUQ5F6" errors="0">
  <testcase name="popUpSample" time="21.722" classname="com.sharma.test.PopUps"/>
</testsuite> <!-- com.sharma.test.PopUps -->
