<?xml version="1.0" encoding="UTF-8"?>
<!-- Generated by org.testng.reporters.JUnitReportReporter -->
<testsuite name="com.sharma.test.SeleniumExtrasJSE" tests="1" time="34.110" ignored="0" failures="0" timestamp="05 Jul 2017 02:04:02 GMT" skipped="0" hostname="DESKTOP-LNUQ5F6" errors="0">
  <testcase name="jsExecutor" time="34.110" classname="com.sharma.test.SeleniumExtrasJSE"/>
</testsuite> <!-- com.sharma.test.SeleniumExtrasJSE -->
