<?xml version="1.0" encoding="UTF-8"?>
<!-- Generated by org.testng.reporters.JUnitReportReporter -->
<testsuite name="com.sharma.test.FileUpload" tests="1" time="50.303" ignored="0" failures="0" timestamp="05 Jul 2017 00:32:59 GMT" skipped="0" hostname="DESKTOP-LNUQ5F6" errors="0">
  <testcase name="fileUploadWithAutoIT" time="50.303" classname="com.sharma.test.FileUpload"/>
</testsuite> <!-- com.sharma.test.FileUpload -->
