<?xml version="1.0" encoding="UTF-8"?>
<!-- Generated by org.testng.reporters.JUnitReportReporter -->
<testsuite name="com.sharma.test.HiddenElements" tests="1" time="4.589" ignored="0" failures="0" timestamp="05 Jul 2017 19:03:50 GMT" skipped="0" hostname="DESKTOP-LNUQ5F6" errors="0">
  <testcase name="hiddenSample" time="4.589" classname="com.sharma.test.HiddenElements"/>
</testsuite> <!-- com.sharma.test.HiddenElements -->
