<?xml version="1.0" encoding="UTF-8"?>
<!-- Generated by org.testng.reporters.JUnitReportReporter -->
<testsuite name="com.sharma.test.Tables" tests="1" time="6.194" ignored="0" failures="0" timestamp="06 Jul 2017 01:54:10 GMT" skipped="0" hostname="DESKTOP-LNUQ5F6" errors="0">
  <testcase name="hiddenSample" time="6.194" classname="com.sharma.test.Tables"/>
</testsuite> <!-- com.sharma.test.Tables -->
