<?xml version="1.0" encoding="UTF-8"?>
<!-- Generated by org.testng.reporters.JUnitReportReporter -->
<testsuite name="com.sharma.test.DragAndDrop" tests="1" time="11.508" ignored="3" failures="0" timestamp="05 Jul 2017 05:09:43 GMT" skipped="0" hostname="DESKTOP-LNUQ5F6" errors="0">
  <testcase name="handleCookies" time="11.508" classname="com.sharma.test.DragAndDrop"/>
  <testcase name="webElementMethods" classname="com.sharma.test.DragAndDrop">
    <skipped/>
  </testcase> <!-- webElementMethods -->
  <testcase name="dragAndDropActions" classname="com.sharma.test.DragAndDrop">
    <skipped/>
  </testcase> <!-- dragAndDropActions -->
  <testcase name="navigate" classname="com.sharma.test.DragAndDrop">
    <skipped/>
  </testcase> <!-- navigate -->
</testsuite> <!-- com.sharma.test.DragAndDrop -->
