<?xml version="1.0" encoding="UTF-8"?>
<!-- Generated by org.testng.reporters.JUnitReportReporter -->
<testsuite name="com.sharma.test.SignInTest" tests="1" time="13.236" ignored="0" failures="0" timestamp="05 Jul 2017 00:48:31 GMT" skipped="0" hostname="DESKTOP-LNUQ5F6" errors="0">
  <testcase name="fileUploadWithAutoIT" time="13.236" classname="com.sharma.test.SignInTest"/>
</testsuite> <!-- com.sharma.test.SignInTest -->
